
> vite_react_shadcn_ts@0.0.0 build
> vite build

[36mvite v5.4.10 [32mbuilding for production...[36m[39m
transforming...
node.exe : 
Browserslist: 
browsers data 
(caniuse-lite) is 17 
months old. Please 
run:
No C:\Program Files\no
dejs\npm.ps1:29 
caractere:3
+   & $NODE_EXE 
$NPM_CLI_JS $args
+   ~~~~~~~~~~~~~~~~~~
~~~~~~~~~~~
    + CategoryInfo    
          : NotSpeci  
  fied: (Browsersli   
 st: b...ld. Pleas    
e run::String) []    
, RemoteException
    + FullyQualifiedE 
   rrorId : NativeCo  
  mmandError
 
  npx update-browsersl
ist-db@latest
  Why you should do 
it regularly: https://
github.com/browserslis
t/update-db#readme

/grid.svg referenced 
in /grid.svg didn't 
resolve at build 
time, it will remain 
unchanged to be 
resolved at runtime
[32m[39m 5108 modules transformed.
rendering chunks...
computing gzip size...
[2mdist/[22m[32mindex.html                          [39m[1m[2m    1.80 kB[22m[1m[22m[2m  gzip:     0.68 kB[22m
[2mdist/[22m[35massets/index-Di00XzwS.css           [39m[1m[2m  178.40 kB[22m[1m[22m[2m  gzip:    27.89 kB[22m
[2mdist/[22m[36massets/purify.es-BFmuJLeH.js        [39m[1m[2m   21.93 kB[22m[1m[22m[2m  gzip:     8.62 kB[22m
[2mdist/[22m[36massets/index.es-BghT3qA8.js         [39m[1m[2m  150.53 kB[22m[1m[22m[2m  gzip:    51.48 kB[22m
[2mdist/[22m[36massets/html2canvas.esm-CBrSDip1.js  [39m[1m[2m  201.42 kB[22m[1m[22m[2m  gzip:    48.03 kB[22m
[2mdist/[22m[36massets/index-DmPrCv9j.js            [39m[1m[33m4,243.38 kB[39m[22m[2m  gzip: 1,246.39 kB[22m
[33m
(!) Some chunks are 
larger than 500 kB 
after minification. 
Consider:
- Using dynamic 
import() to 
code-split the 
application
- Use build.rollupOpti
ons.output.manualChunk
s to improve 
chunking: https://roll
upjs.org/configuration
-options/#output-manua
lchunks
- Adjust chunk size 
limit for this 
warning via build.chun
kSizeWarningLimit.[39
m
[32m built in 32.41s[39m
