
> vite_react_shadcn_ts@0.0.0 build
> vite build

[36mvite v5.4.10 [32mbuilding for production...[36m[39m
transforming...
[32m[39m 9 modules transformed.
node.exe : 
[31mx[39m Build 
failed in 890ms
No C:\Program Files\no
dejs\npm.ps1:29 
caractere:3
+   & $NODE_EXE 
$NPM_CLI_JS $args
+   ~~~~~~~~~~~~~~~~~~
~~~~~~~~~~~
    + CategoryInfo    
          : NotSpeci  
  fied: ([31mx[39   
 m Build failed in    
 890ms:String) []    
, RemoteException
    + FullyQualifiedE 
   rrorId : NativeCo  
  mmandError
 
[31merror during 
build:
[31mCould not 
resolve 
"./pages/Tesouraria" 
from 
"src/App.tsx"[31m
file: [36mC:/Users/Da
vi/Desktop/projetos/to
rk-crm-repo/src/App.ts
x[31m
    at getRollupError 
(file:///C:/Users/Davi
/Desktop/projetos/tork
-crm-repo/node_modules
/rollup/dist/es/shared
/parseAst.js:395:41)
    at error (file:///
C:/Users/Davi/Desktop/
projetos/tork-crm-repo
/node_modules/rollup/d
ist/es/shared/parseAst
.js:391:42)
    at ModuleLoader.ha
ndleInvalidResolvedId 
(file:///C:/Users/Davi
/Desktop/projetos/tork
-crm-repo/node_modules
/rollup/dist/es/shared
/node-entry.js:20006:2
4)
    at file:///C:/User
s/Davi/Desktop/projeto
s/tork-crm-repo/node_m
odules/rollup/dist/es/
shared/node-entry.js:1
9966:26[39m
